<?xml version="1.0" encoding="UTF-8"?>
<!-- Generated by org.testng.reporters.JUnitReportReporter -->
<testsuite hostname="testinglaptop" failures="0" tests="2" name="practice.PracticeClass1" time="0.016" errors="0" timestamp="2023-03-10T12:58:30 IST" skipped="0">
  <testcase classname="practice.PracticeClass1" name="main11" time="0.002"/>
  <system-out/>
  <testcase classname="practice.PracticeClass1" name="main1" time="0.014"/>
  <system-out/>
</testsuite> <!-- practice.PracticeClass1 -->
